C51 COMPILER V9.56.0.0   DS18B20                                                           10/07/2017 00:02:08 PAGE 1   


C51 COMPILER V9.56.0.0, COMPILATION OF MODULE DS18B20
OBJECT MODULE PLACED IN .\Objects\DS18B20.obj
COMPILER INVOKED BY: D:\Keil_v5\C51\BIN\C51.EXE DS18B20.c OPTIMIZE(8,SPEED) BROWSE DEBUG OBJECTEXTEND PRINT(.\Listings\D
                    -S18B20.lst) TABS(2) OBJECT(.\Objects\DS18B20.obj)

line level    source

   1          #include "Uart.h"
   2          #include "DS18B20.h"
   3          #include "utils.h"
   4          sbit ds = P0^6;
   5          
   6          
   7          void dsInit()
   8          {
   9   1        ds = 1;
  10   1        Delay8us();
  11   1        ds = 0;
  12   1        Delay480us();
  13   1        ds = 1;
  14   1        Delay205us();
  15   1      
  16   1      }
  17          
  18          bit dsReadBit()
  19          {
  20   1        unsigned int ci = 0;
  21   1        bit bat;
  22   1        ds = 0;
  23   1        Delay8us();
  24   1        ds = 1;
  25   1        Delay15us();
  26   1        bat = ds;
  27   1        Delay45us();
  28   1        return (bat);
  29   1      }
  30          
  31          unsigned char dsReadByte()
  32          {
  33   1        unsigned char i = 0;
  34   1        unsigned char dat;
  35   1        dat = 0;
  36   1      
  37   1        for( i = 8;i > 0 ; i--)
  38   1        {
  39   2          ds = 0;
  40   2          Delay1us();
  41   2          dat >>= 1;
  42   2          ds = 1;
  43   2          Delay8us();
  44   2          if(ds)
  45   2          {
  46   3            dat |= 0x80;
  47   3          }
  48   2          
  49   2          Delay45us();
  50   2        }
  51   1      
  52   1        return (dat);
  53   1      }
  54          
C51 COMPILER V9.56.0.0   DS18B20                                                           10/07/2017 00:02:08 PAGE 2   

  55          void dsWriteByte(unsigned char dat)
  56          {
  57   1        unsigned char i = 0;
  58   1        for( i = 8 ;i > 0 ; i--)
  59   1        {
  60   2          ds = 0;
  61   2          Delay1us();
  62   2          ds = dat & 0x01;
  63   2          Delay45us();
  64   2          ds = 1;
  65   2          dat >>= 1;
  66   2          Delay8us();
  67   2        }
  68   1      }
  69          
  70          void startTemp()
  71          {
  72   1        dsInit();
  73   1        Delay480us();
  74   1        dsWriteByte(0xcc);
  75   1        dsWriteByte(0x44);  
  76   1      }
  77          
  78          uint getTemp()
  79          {
  80   1      
  81   1        uchar a,b;
  82   1        uint result;
  83   1        
  84   1        dsInit();
  85   1        dsWriteByte(0xcc);
  86   1        dsWriteByte(0x44);
  87   1        
  88   1        dsInit();
  89   1        dsWriteByte(0xcc);
  90   1        dsWriteByte(0xbe);
  91   1        
  92   1        a = dsReadByte();
  93   1        b = dsReadByte();
  94   1        
  95   1        result = b & 0xff;
  96   1        result = result << 8;
  97   1        result = result | (a & 0xff);
  98   1        
  99   1        return result;
 100   1      }
 101          
 102          


MODULE INFORMATION:   STATIC OVERLAYABLE
   CODE SIZE        =    185    ----
   CONSTANT SIZE    =   ----    ----
   XDATA SIZE       =   ----    ----
   PDATA SIZE       =   ----    ----
   DATA SIZE        =   ----       7
   IDATA SIZE       =   ----    ----
   BIT SIZE         =   ----       1
END OF MODULE INFORMATION.


C51 COMPILATION COMPLETE.  0 WARNING(S),  0 ERROR(S)
