C51 COMPILER V9.56.0.0   PWM                                                               08/15/2017 23:08:51 PAGE 1   


C51 COMPILER V9.56.0.0, COMPILATION OF MODULE PWM
OBJECT MODULE PLACED IN .\Objects\pwm.obj
COMPILER INVOKED BY: D:\Keil_v5\C51\BIN\C51.EXE pwm.c OPTIMIZE(8,SPEED) BROWSE DEBUG OBJECTEXTEND PRINT(.\Listings\pwm.l
                    -st) TABS(2) OBJECT(.\Objects\pwm.obj)

line level    source

   1          #include "pwm.h"
   2          #include "config.h"
   3          
   4          
   5          #define PWMC   (*(unsigned int volatile xdata *) 0xFFF0)
   6          #define PWMCKS (*(unsigned char volatile xdata *)0xFFF2)
   7          #define PWM3T1 (*(unsigned int volatile xdata *)0xFF10)
   8          #define PWM3T2 (*(unsigned int volatile xdata *)0xFF12)
   9          #define PWM3CR (*(unsigned char volatile xdata *) 0xFF14) 
  10            
  11          #define LV_AVG 0x4000L / 90
  12            
  13          sbit fank = P4^5;
  14          
  15          unsigned char board_fan_auto = 1;
  16          
  17          void init_pwm()
  18          {
  19   1        
  20   1        P_SW2 |= 0x80;
  21   1        PWMCFG = 0x02;
  22   1        PWMCKS = 0x08;
  23   1        PWMC = 0x4000L;
  24   1        
  25   1        PWM3T1 = 0x0000;
  26   1        PWM3T2 = 0x0A00;
  27   1        
  28   1        PWM3CR = 0x08;
  29   1        
  30   1      }
  31          void pwm_start()
  32          {
  33   1          PWMCR = 0x02;
  34   1          PWMCR |= 0x40;
  35   1          PWMCR |= 0x80;
  36   1          P_SW2 &= ~0x80; 
  37   1      }
  38          
  39          void pwm_stop()
  40          {
  41   1        PWMCR = 0x00;
  42   1        P_SW2 &= ~0x80; 
  43   1        fank = 1;
  44   1      }
  45          
  46          void pwm_adj(unsigned char lv)
  47          {
  48   1        unsigned int avg = 0x4000L / 100;
  49   1        
  50   1        if(board_fan_auto == 0) return;
  51   1        
  52   1        if(PWMCR == 0x00)
  53   1        {
  54   2          PWMCR = 0x02;
C51 COMPILER V9.56.0.0   PWM                                                               08/15/2017 23:08:51 PAGE 2   

  55   2          PWMCR |= 0x40;
  56   2          PWMCR |= 0x80;
  57   2        }
  58   1        
  59   1        if(lv > 75) lv = 75;
  60   1        
  61   1        P_SW2 |= 0x80;
  62   1        
  63   1        PWM3T2 = avg * lv;
  64   1        
  65   1        P_SW2 &= ~0x80; 
  66   1      }
  67          
  68          void pwm_adj_auto(unsigned char lv)
  69          {
  70   1        unsigned int avg = 0x4000L / 100;
  71   1        
  72   1        if(PWMCR == 0x00)
  73   1        {
  74   2          PWMCR = 0x02;
  75   2          PWMCR |= 0x40;
  76   2          PWMCR |= 0x80;
  77   2        }
  78   1        
  79   1        if(lv > 75) lv = 75;
  80   1        
  81   1        P_SW2 |= 0x80;
  82   1        
  83   1        PWM3T2 = avg * lv;
  84   1        
  85   1        P_SW2 &= ~0x80; 
  86   1      }
  87          
  88          void pwm_isr() interrupt 22 using 1
  89          {
  90   1          
  91   1          if (PWMIF & 0x40)
  92   1          {
  93   2              PWMIF &= ~0x40;
  94   2          }
  95   1      }
  96          
  97          void set_pwm_auto(unsigned char bol)
  98          {
  99   1        board_fan_auto = bol;
 100   1      }


MODULE INFORMATION:   STATIC OVERLAYABLE
   CODE SIZE        =    171    ----
   CONSTANT SIZE    =   ----    ----
   XDATA SIZE       =   ----    ----
   PDATA SIZE       =   ----    ----
   DATA SIZE        =      1    ----
   IDATA SIZE       =   ----    ----
   BIT SIZE         =   ----    ----
END OF MODULE INFORMATION.


C51 COMPILATION COMPLETE.  0 WARNING(S),  0 ERROR(S)
