C51 COMPILER V9.56.0.0   UARTDATA                                                          10/07/2017 00:02:08 PAGE 1   


C51 COMPILER V9.56.0.0, COMPILATION OF MODULE UARTDATA
OBJECT MODULE PLACED IN .\Objects\UartData.obj
COMPILER INVOKED BY: D:\Keil_v5\C51\BIN\C51.EXE UartData.c OPTIMIZE(8,SPEED) BROWSE DEBUG OBJECTEXTEND PRINT(.\Listings\
                    -UartData.lst) TABS(2) OBJECT(.\Objects\UartData.obj)

line level    source

   1          #include "Uart.h"
   2          #include "device.h"
   3          #include "pwm.h"
   4          
   5          void handData()
   6          {
   7   1        parserData1();
   8   1        parserData2();
   9   1        parserData3();
  10   1      }
  11          
  12          void opt(unsigned char *dat)
  13          {
  14   1          if(*dat == 0x3b)
  15   1          {
  16   2            
  17   2            buzzer_hint();
  18   2            
  19   2            if(*(dat+1) == 0x4a)//继电器设备
  20   2            {
  21   3              
  22   3              if(*(dat+2) == 0x53)//子设备
  23   3              {
  24   4                
  25   4                if(*(dat+3)  == 0x01)//市电
  26   4                {
  27   5                  change_power_type(0);
  28   5                  
  29   5                }
  30   4                else if(*(dat+3) == 0x02)//太阳能
  31   4                {
  32   5                  change_power_type(1);
  33   5                }
  34   4              }
  35   3              else if(*(dat+2) == 0x54)
  36   3              {
  37   4                if(*(dat+3)  == 0x01)//灯开
  38   4                {
  39   5                  change_light_off_on(0);
  40   5                }
  41   4                else if(*(dat+3) == 0x02)//灯关
  42   4                {
  43   5                  change_light_off_on(1);
  44   5                }
  45   4              }
  46   3              else if(*(dat+2) == 0x55)
  47   3              {
  48   4                if(*(dat+3)  == 0x01)//插座开
  49   4                {
  50   5                  change_socket_off_on(0);
  51   5                }
  52   4                else if(*(dat+3) == 0x02)//插座关
  53   4                {
  54   5                  change_socket_off_on(1);
C51 COMPILER V9.56.0.0   UARTDATA                                                          10/07/2017 00:02:08 PAGE 2   

  55   5                }
  56   4              }
  57   3              else if(*(dat+2) == 0x56)
  58   3              {
  59   4                if(*(dat+3)  == 0x01)//风扇开
  60   4                {
  61   5                  change_air_fan_off_on(0);
  62   5                }
  63   4                else if(*(dat+3) == 0x02)//风扇关
  64   4                {
  65   5                  change_air_fan_off_on(1);
  66   5                }
  67   4              }
  68   3            }
  69   2            else if(*(dat+1) == 0x5a)//板载风扇
  70   2            {
  71   3              if(*(dat+2) == 0x5b)
  72   3              {
  73   4                set_pwm_auto(0);
  74   4                
  75   4                pwm_start();
  76   4                
  77   4              }
  78   3              else if(*(dat+2) == 0x5c)
  79   3              {
  80   4                set_pwm_auto(0);
  81   4                
  82   4                pwm_stop();
  83   4              }
  84   3              else if(*(dat+2) == 0x5d)
  85   3              {
  86   4                set_pwm_auto(0);
  87   4                
  88   4                pwm_adj_auto(*(dat+3));
  89   4              }
  90   3              else if(*(dat+2) == 0x5e)
  91   3              {
  92   4                set_pwm_auto(1);
  93   4              }
  94   3                
  95   3            }
  96   2            else if(*(dat+1) == 0x6a)
  97   2            {
  98   3              if(*(dat+2) == 0x6b)
  99   3              {
 100   4                if(*(dat+3) == 0x01)
 101   4                {
 102   5                  d_fan_open(1);
 103   5                }
 104   4                else
 105   4                {
 106   5                  d_fan_open(2);
 107   5                }
 108   4              }
 109   3              
 110   3                if(*(dat+2) == 0x6c)
 111   3              {
 112   4                if(*(dat+3) == 0x01)
 113   4                {
 114   5                  d_fan_head(1);
 115   5                }
 116   4                else
C51 COMPILER V9.56.0.0   UARTDATA                                                          10/07/2017 00:02:08 PAGE 3   

 117   4                {
 118   5                  d_fan_head(2);
 119   5                }
 120   4              }
 121   3              
 122   3            }
 123   2            else if(*(dat+1) == 0xe0) //红外设备
 124   2            {
 125   3              ir_cmd(dat);
 126   3            }
 127   2            else if(*(dat+1) == 0xca)
 128   2            {
 129   3              //set_Time(dat);
 130   3              
 131   3            }
 132   2            else if(*(dat+1) == 0xdd)
 133   2            {
 134   3              buzzer_hint();
 135   3              IAP_CONTR = 0x60;
 136   3            }
 137   2          }
 138   1          else if(*dat == 0x3c){
 139   2            if(*(dat+1) == 0x1c)
 140   2            {
 141   3              unsigned int temp = *(dat+2);
 142   3              unsigned int hum = *(dat+4);
 143   3              temp = (temp << 8 | *(dat+3));
 144   3              hum = (hum << 8 | *(dat+5));
 145   3              toilet_room_data(temp,hum);
 146   3            }
 147   2          }
 148   1      }


MODULE INFORMATION:   STATIC OVERLAYABLE
   CODE SIZE        =    582    ----
   CONSTANT SIZE    =   ----    ----
   XDATA SIZE       =   ----    ----
   PDATA SIZE       =   ----    ----
   DATA SIZE        =   ----       7
   IDATA SIZE       =   ----    ----
   BIT SIZE         =   ----    ----
END OF MODULE INFORMATION.


C51 COMPILATION COMPLETE.  0 WARNING(S),  0 ERROR(S)
