C51 COMPILER V9.56.0.0   UART3                                                             08/15/2017 23:08:50 PAGE 1   


C51 COMPILER V9.56.0.0, COMPILATION OF MODULE UART3
OBJECT MODULE PLACED IN .\Objects\Uart3.obj
COMPILER INVOKED BY: D:\Keil_v5\C51\BIN\C51.EXE Uart3.c OPTIMIZE(8,SPEED) BROWSE DEBUG OBJECTEXTEND PRINT(.\Listings\Uar
                    -t3.lst) TABS(2) OBJECT(.\Objects\Uart3.obj)

line level    source

   1          #include "Uart.h"
   2          
   3          
   4          unsigned char buy3 = 0;
   5          unsigned char idata rxBuff3[rxBuffSize];
   6          unsigned int rx3Index = 0;
   7          unsigned char isRec3 = 0;
   8          unsigned char isHand3 = 0;
   9          
  10          void Uart3() interrupt 17 using 1
  11          {
  12   1        unsigned char rByte;
  13   1        
  14   1        if(S3CON & commRI)
  15   1        {
  16   2          S3CON &= ~commRI;
  17   2          rByte = S3BUF;
  18   2          
  19   2          if(rx3Index >= wifiBuffSize)
  20   2          {
  21   3            rx3Index = 0;
  22   3          }
  23   2          
  24   2          if(rByte == 0x3b)
  25   2          {
  26   3            rx3Index = 0;
  27   3            isRec3 = 1;
  28   3          }
  29   2          
  30   2          if(isRec3)
  31   2          {
  32   3            rxBuff3[rx3Index++] = rByte;
  33   3          }
  34   2          
  35   2          
  36   2          if(rByte == 0x0d && isRec3)
  37   2          {
  38   3            isHand3 = 1;
  39   3            isRec3 = 0;
  40   3            rx3Index = 0;
  41   3          } 
  42   2        
  43   2        }
  44   1        
  45   1        if(S3CON & commTI)
  46   1        {
  47   2          S3CON &= ~commTI;
  48   2          buy3 = 0;
  49   2        }
  50   1      }
  51          
  52          void sendData3(char dat)
  53          {
  54   1        while(buy3);
C51 COMPILER V9.56.0.0   UART3                                                             08/15/2017 23:08:50 PAGE 2   

  55   1        
  56   1        buy3 = 1;
  57   1        S3BUF = dat;
  58   1        
  59   1      }
  60          
  61          void sendStr3(char *dat)
  62          {
  63   1        while(*dat)
  64   1        {
  65   2          sendData3(*dat++);
  66   2        }
  67   1      }
  68          
  69          void sendStrlen3(char *dat,unsigned int len)
  70          {
  71   1        unsigned int i;
  72   1        for(i=0;i<len;i++)
  73   1        {
  74   2          sendData3(*(dat+i));
  75   2        }
  76   1      }
  77          
  78          void parserData3()
  79          {
  80   1        if(isHand3)
  81   1        {
  82   2          opt(rxBuff3);
  83   2          memset(rxBuff3,0,sizeof(rxBuff3));
  84   2          isHand3 = 0;
  85   2        }
  86   1      }


MODULE INFORMATION:   STATIC OVERLAYABLE
   CODE SIZE        =    225    ----
   CONSTANT SIZE    =   ----    ----
   XDATA SIZE       =   ----    ----
   PDATA SIZE       =   ----    ----
   DATA SIZE        =      5       8
   IDATA SIZE       =     15    ----
   BIT SIZE         =   ----    ----
END OF MODULE INFORMATION.


C51 COMPILATION COMPLETE.  0 WARNING(S),  0 ERROR(S)
