C51 COMPILER V9.56.0.0   UART2                                                             08/15/2017 23:08:50 PAGE 1   


C51 COMPILER V9.56.0.0, COMPILATION OF MODULE UART2
OBJECT MODULE PLACED IN .\Objects\Uart2.obj
COMPILER INVOKED BY: D:\Keil_v5\C51\BIN\C51.EXE Uart2.c OPTIMIZE(8,SPEED) BROWSE DEBUG OBJECTEXTEND PRINT(.\Listings\Uar
                    -t2.lst) TABS(2) OBJECT(.\Objects\Uart2.obj)

line level    source

   1          #include "Uart.h"
   2          
   3          unsigned char buy2 = 0;
   4          unsigned int rxIndex2 = 0;
   5          
   6          unsigned char  idata buff2[rxBuffSize] ;
   7          unsigned char isRec2 = 0;
   8          unsigned char isHand2 = 0;
   9          
  10          void Uart2() interrupt 8 using 1
  11          {
  12   1        unsigned char rByte;
  13   1        if(S2CON & commRI)
  14   1        {
  15   2          S2CON &= ~commRI;
  16   2          rByte = S2BUF;
  17   2      
  18   2          if(rxIndex2 >= rxBuffSize)
  19   2          {
  20   3            rxIndex2 = 0;
  21   3          }
  22   2          
  23   2          if(rByte == 0x3b)
  24   2          {
  25   3            rxIndex2 = 0;
  26   3            isRec2 = 1;
  27   3          }
  28   2          
  29   2          if(isRec2)
  30   2          {
  31   3            buff2[rxIndex2++] = rByte;
  32   3          }
  33   2      
  34   2          if(rByte == 0x0d && isRec2)
  35   2          {
  36   3            isHand2 = 1;
  37   3            isRec2 = 0;
  38   3            rxIndex2 = 0;
  39   3          }
  40   2        }
  41   1        
  42   1        if(S2CON & commTI)
  43   1        {
  44   2          S2CON &= ~commTI;
  45   2          buy2 = 0;
  46   2        }
  47   1      }
  48          
  49          void sendData2(char dat)
  50          {
  51   1        while(buy2);
  52   1        
  53   1          buy2 = 1;
  54   1          S2BUF = dat;
C51 COMPILER V9.56.0.0   UART2                                                             08/15/2017 23:08:50 PAGE 2   

  55   1        
  56   1      }
  57          
  58          void sendStr2(char *dat)
  59          {
  60   1        while(*dat)
  61   1        {
  62   2          sendData2(*dat++);
  63   2        }
  64   1      }
  65          
  66          void sendStrlen2(char *dat,unsigned int len)
  67          {
  68   1        unsigned int i;
  69   1        for(i=0;i<len;i++)
  70   1        {
  71   2          sendData2(*(dat+i));
  72   2        }
  73   1        
  74   1      }
  75          
  76          
  77          void parserData2()
  78          {
  79   1        if(isHand2)
  80   1        {
  81   2          opt(buff2);
  82   2          memset(buff2,0,sizeof(buff2));
  83   2          isHand2 = 0;
  84   2        }
  85   1      }
  86          
  87          void connect_server()
  88          {
  89   1        sendStr2("AT+CIPSTART=\"TCP\",\"192.168.31.94\",8080\r\n");
  90   1      }
  91          
  92          
  93          


MODULE INFORMATION:   STATIC OVERLAYABLE
   CODE SIZE        =    234    ----
   CONSTANT SIZE    =     41    ----
   XDATA SIZE       =   ----    ----
   PDATA SIZE       =   ----    ----
   DATA SIZE        =      5       8
   IDATA SIZE       =     15    ----
   BIT SIZE         =   ----    ----
END OF MODULE INFORMATION.


C51 COMPILATION COMPLETE.  0 WARNING(S),  0 ERROR(S)
